twa-cosmic/app/build/intermediates/manifest_merge_blame_file/release/processReleaseMainManifest/manifest-merger-blame-release-report.txt
1<?xml version="1.0" encoding="utf-8"?>
2<!--
3    Copyright 2019 Google Inc. All Rights Reserved.
4
5     Licensed under the Apache License, Version 2.0 (the "License");
6     you may not use this file except in compliance with the License.
7     You may obtain a copy of the License at
8
9         http://www.apache.org/licenses/LICENSE-2.0
10
11     Unless required by applicable law or agreed to in writing, software
12     distributed under the License is distributed on an "AS IS" BASIS,
13     WITHOUT WARRANTIES OR CONDITIONS OF ANY KIND, either express or implied.
14     See the License for the specific language governing permissions and
15     limitations under the License.
16-->
17<!--
18 The "package" attribute is rewritten by the Gradle build with the value of applicationId.
19     It is still required here, as it is used to derive paths, for instance when referring
20     to an Activity by ".MyActivity" instead of the full name. If more Activities are added to the
21     application, the package attribute will need to reflect the correct path in order to use
22     the abbreviated format.
23-->
24<manifest xmlns:android="http://schemas.android.com/apk/res/android"
25    package="org.soulview.cosmic"
26    android:versionCode="10"
27    android:versionName="10" >
28
29    <uses-sdk
30        android:minSdkVersion="21"
31        android:targetSdkVersion="35" />
32
33    <!--
34         Let the TWA launch Solana wallet apps via MWA intents. Without this Chrome
35         shows a one-time "site wants to access other apps" permission dialog that, if
36         blocked, silently breaks wallet connect for the user.
37    -->
38    <queries>
38-->src/main/AndroidManifest.xml:28:5-33:15
39        <intent>
39-->src/main/AndroidManifest.xml:29:9-32:18
40            <action android:name="android.intent.action.VIEW" />
40-->src/main/AndroidManifest.xml:30:13-65
40-->src/main/AndroidManifest.xml:30:21-62
41
42            <data android:scheme="solana-wallet" />
42-->src/main/AndroidManifest.xml:31:13-52
42-->src/main/AndroidManifest.xml:31:19-49
43        </intent>
44        <intent>
44-->[com.google.androidbrowserhelper:androidbrowserhelper:2.6.2] AndroidManifest.xml:23:9-29:18
45            <action android:name="android.intent.action.VIEW" />
45-->src/main/AndroidManifest.xml:30:13-65
45-->src/main/AndroidManifest.xml:30:21-62
46
47            <category android:name="android.intent.category.BROWSABLE" />
47-->src/main/AndroidManifest.xml:160:17-77
47-->src/main/AndroidManifest.xml:160:27-75
48
49            <data android:scheme="https" />
49-->src/main/AndroidManifest.xml:31:13-52
49-->src/main/AndroidManifest.xml:31:19-49
50        </intent>
51    </queries>
52
53    <uses-permission android:name="android.permission.POST_NOTIFICATIONS" />
53-->src/main/AndroidManifest.xml:36:9-80
53-->src/main/AndroidManifest.xml:36:26-78
54
55    <permission
55-->[androidx.core:core:1.13.0] AndroidManifest.xml:22:5-24:47
56        android:name="org.soulview.cosmic.DYNAMIC_RECEIVER_NOT_EXPORTED_PERMISSION"
56-->[androidx.core:core:1.13.0] AndroidManifest.xml:23:9-81
57        android:protectionLevel="signature" />
57-->[androidx.core:core:1.13.0] AndroidManifest.xml:24:9-44
58
59    <uses-permission android:name="org.soulview.cosmic.DYNAMIC_RECEIVER_NOT_EXPORTED_PERMISSION" />
59-->[androidx.core:core:1.13.0] AndroidManifest.xml:26:5-97
59-->[androidx.core:core:1.13.0] AndroidManifest.xml:26:22-94
60
61    <application
61-->src/main/AndroidManifest.xml:45:5-209:19
62        android:name="org.soulview.cosmic.Application"
62-->src/main/AndroidManifest.xml:46:9-35
63        android:allowBackup="true"
63-->src/main/AndroidManifest.xml:47:9-35
64        android:appComponentFactory="androidx.core.app.CoreComponentFactory"
64-->[androidx.core:core:1.13.0] AndroidManifest.xml:28:18-86
65        android:extractNativeLibs="true"
66        android:icon="@mipmap/ic_launcher"
66-->src/main/AndroidManifest.xml:48:9-43
67        android:label="@string/appName"
67-->src/main/AndroidManifest.xml:49:9-40
68        android:manageSpaceActivity="com.google.androidbrowserhelper.trusted.ManageDataLauncherActivity"
68-->src/main/AndroidManifest.xml:51:9-105
69        android:supportsRtl="true"
69-->src/main/AndroidManifest.xml:53:9-35
70        android:theme="@android:style/Theme.Translucent.NoTitleBar" >
70-->src/main/AndroidManifest.xml:54:9-68
71        <meta-data
71-->src/main/AndroidManifest.xml:56:9-58:58
72            android:name="asset_statements"
72-->src/main/AndroidManifest.xml:57:13-44
73            android:resource="@string/assetStatements" />
73-->src/main/AndroidManifest.xml:58:13-55
74        <meta-data
74-->src/main/AndroidManifest.xml:61:13-63:58
75            android:name="web_manifest_url"
75-->src/main/AndroidManifest.xml:62:17-48
76            android:value="@string/webManifestUrl" />
76-->src/main/AndroidManifest.xml:63:17-55
77        <meta-data
77-->src/main/AndroidManifest.xml:66:9-68:52
78            android:name="twa_generator"
78-->src/main/AndroidManifest.xml:67:13-41
79            android:value="@string/generatorApp" />
79-->src/main/AndroidManifest.xml:68:13-49
80
81        <activity
81-->src/main/AndroidManifest.xml:75:13-86:24
82            android:name="com.google.androidbrowserhelper.trusted.ManageDataLauncherActivity"
82-->src/main/AndroidManifest.xml:75:23-104
83            android:enabled="true"
83-->src/main/AndroidManifest.xml:77:17-39
84            android:excludeFromRecents="true"
84-->src/main/AndroidManifest.xml:78:17-50
85            android:exported="false" >
85-->src/main/AndroidManifest.xml:76:17-41
86            <meta-data
86-->src/main/AndroidManifest.xml:79:17-81:57
87                android:name="android.support.customtabs.trusted.MANAGE_SPACE_URL"
87-->src/main/AndroidManifest.xml:80:21-87
88                android:value="@string/launchUrl" />
88-->src/main/AndroidManifest.xml:81:21-54
89
90            <intent-filter>
90-->src/main/AndroidManifest.xml:82:17-85:33
91                <action android:name="android.intent.action.APPLICATION_PREFERENCES" />
91-->src/main/AndroidManifest.xml:83:21-92
91-->src/main/AndroidManifest.xml:83:29-89
92
93                <category android:name="android.intent.category.DEFAULT" />
93-->src/main/AndroidManifest.xml:84:21-80
93-->src/main/AndroidManifest.xml:84:31-77
94            </intent-filter>
95        </activity>
96        <activity
96-->src/main/AndroidManifest.xml:89:9-170:20
97            android:name="org.soulview.cosmic.LauncherActivity"
97-->src/main/AndroidManifest.xml:89:19-50
98            android:alwaysRetainTaskState="true"
98-->src/main/AndroidManifest.xml:90:13-49
99            android:exported="true"
99-->src/main/AndroidManifest.xml:92:13-36
100            android:label="@string/launcherName" >
100-->src/main/AndroidManifest.xml:91:13-49
101            <meta-data
101-->src/main/AndroidManifest.xml:93:13-94:53
102                android:name="android.support.customtabs.trusted.DEFAULT_URL"
102-->src/main/AndroidManifest.xml:93:24-85
103                android:value="@string/launchUrl" />
103-->src/main/AndroidManifest.xml:94:17-50
104            <meta-data
104-->src/main/AndroidManifest.xml:96:13-98:58
105                android:name="android.support.customtabs.trusted.STATUS_BAR_COLOR"
105-->src/main/AndroidManifest.xml:97:17-83
106                android:resource="@color/colorPrimary" />
106-->src/main/AndroidManifest.xml:98:17-55
107            <meta-data
107-->src/main/AndroidManifest.xml:102:13-104:62
108                android:name="android.support.customtabs.trusted.STATUS_BAR_COLOR_DARK"
108-->src/main/AndroidManifest.xml:103:17-88
109                android:resource="@color/colorPrimaryDark" />
109-->src/main/AndroidManifest.xml:104:17-59
110            <meta-data
110-->src/main/AndroidManifest.xml:106:13-108:61
111                android:name="android.support.customtabs.trusted.NAVIGATION_BAR_COLOR"
111-->src/main/AndroidManifest.xml:107:17-87
112                android:resource="@color/navigationColor" />
112-->src/main/AndroidManifest.xml:108:17-58
113            <meta-data
113-->src/main/AndroidManifest.xml:110:13-112:65
114                android:name="android.support.customtabs.trusted.NAVIGATION_BAR_COLOR_DARK"
114-->src/main/AndroidManifest.xml:111:17-92
115                android:resource="@color/navigationColorDark" />
115-->src/main/AndroidManifest.xml:112:17-62
116            <meta-data
116-->src/main/AndroidManifest.xml:114:13-116:68
117                android:name="androix.browser.trusted.NAVIGATION_BAR_DIVIDER_COLOR"
117-->src/main/AndroidManifest.xml:115:17-84
118                android:resource="@color/navigationDividerColor" />
118-->src/main/AndroidManifest.xml:116:17-65
119            <meta-data
119-->src/main/AndroidManifest.xml:118:13-120:72
120                android:name="androix.browser.trusted.NAVIGATION_BAR_DIVIDER_COLOR_DARK"
120-->src/main/AndroidManifest.xml:119:17-89
121                android:resource="@color/navigationDividerColorDark" />
121-->src/main/AndroidManifest.xml:120:17-69
122            <meta-data
122-->src/main/AndroidManifest.xml:122:13-123:54
123                android:name="android.support.customtabs.trusted.SPLASH_IMAGE_DRAWABLE"
123-->src/main/AndroidManifest.xml:122:24-95
124                android:resource="@drawable/splash" />
124-->src/main/AndroidManifest.xml:123:17-52
125            <meta-data
125-->src/main/AndroidManifest.xml:125:13-126:60
126                android:name="android.support.customtabs.trusted.SPLASH_SCREEN_BACKGROUND_COLOR"
126-->src/main/AndroidManifest.xml:125:24-104
127                android:resource="@color/backgroundColor" />
127-->src/main/AndroidManifest.xml:126:17-58
128            <meta-data
128-->src/main/AndroidManifest.xml:128:13-129:71
129                android:name="android.support.customtabs.trusted.SPLASH_SCREEN_FADE_OUT_DURATION"
129-->src/main/AndroidManifest.xml:128:24-105
130                android:value="@integer/splashScreenFadeOutDuration" />
130-->src/main/AndroidManifest.xml:129:17-69
131            <meta-data
131-->src/main/AndroidManifest.xml:131:13-132:60
132                android:name="android.support.customtabs.trusted.FILE_PROVIDER_AUTHORITY"
132-->src/main/AndroidManifest.xml:131:24-97
133                android:value="@string/providerAuthority" />
133-->src/main/AndroidManifest.xml:132:17-58
134            <meta-data
134-->src/main/AndroidManifest.xml:134:13-97
135                android:name="android.app.shortcuts"
135-->src/main/AndroidManifest.xml:134:24-60
136                android:resource="@xml/shortcuts" />
136-->src/main/AndroidManifest.xml:134:61-94
137            <meta-data
137-->src/main/AndroidManifest.xml:136:13-137:56
138                android:name="android.support.customtabs.trusted.FALLBACK_STRATEGY"
138-->src/main/AndroidManifest.xml:136:24-91
139                android:value="@string/fallbackType" />
139-->src/main/AndroidManifest.xml:137:17-53
140            <meta-data
140-->src/main/AndroidManifest.xml:143:13-144:54
141                android:name="android.support.customtabs.trusted.SCREEN_ORIENTATION"
141-->src/main/AndroidManifest.xml:143:24-92
142                android:value="@string/orientation" />
142-->src/main/AndroidManifest.xml:144:17-52
143
144            <intent-filter>
144-->src/main/AndroidManifest.xml:152:13-155:29
145                <action android:name="android.intent.action.MAIN" />
145-->src/main/AndroidManifest.xml:153:17-69
145-->src/main/AndroidManifest.xml:153:25-66
146
147                <category android:name="android.intent.category.LAUNCHER" />
147-->src/main/AndroidManifest.xml:154:17-77
147-->src/main/AndroidManifest.xml:154:27-74
148            </intent-filter>
149            <intent-filter android:autoVerify="true" >
149-->src/main/AndroidManifest.xml:157:13-165:29
149-->src/main/AndroidManifest.xml:157:28-53
150                <action android:name="android.intent.action.VIEW" />
150-->src/main/AndroidManifest.xml:30:13-65
150-->src/main/AndroidManifest.xml:30:21-62
151
152                <category android:name="android.intent.category.DEFAULT" />
152-->src/main/AndroidManifest.xml:84:21-80
152-->src/main/AndroidManifest.xml:84:31-77
153                <category android:name="android.intent.category.BROWSABLE" />
153-->src/main/AndroidManifest.xml:160:17-77
153-->src/main/AndroidManifest.xml:160:27-75
154
155                <data
155-->src/main/AndroidManifest.xml:31:13-52
156                    android:host="@string/hostName"
156-->src/main/AndroidManifest.xml:162:21-52
157                    android:scheme="https" />
157-->src/main/AndroidManifest.xml:31:19-49
158            </intent-filter>
159        </activity>
160        <activity android:name="com.google.androidbrowserhelper.trusted.FocusActivity" />
160-->src/main/AndroidManifest.xml:172:9-90
160-->src/main/AndroidManifest.xml:172:19-87
161        <activity
161-->src/main/AndroidManifest.xml:174:9-175:62
162            android:name="com.google.androidbrowserhelper.trusted.WebViewFallbackActivity"
162-->src/main/AndroidManifest.xml:174:19-97
163            android:configChanges="orientation|screenSize" />
163-->src/main/AndroidManifest.xml:175:13-59
164
165        <provider
165-->src/main/AndroidManifest.xml:177:9-185:20
166            android:name="androidx.core.content.FileProvider"
166-->src/main/AndroidManifest.xml:178:13-62
167            android:authorities="@string/providerAuthority"
167-->src/main/AndroidManifest.xml:179:13-60
168            android:exported="false"
168-->src/main/AndroidManifest.xml:181:13-37
169            android:grantUriPermissions="true" >
169-->src/main/AndroidManifest.xml:180:13-47
170            <meta-data
170-->src/main/AndroidManifest.xml:182:13-184:53
171                android:name="android.support.FILE_PROVIDER_PATHS"
171-->src/main/AndroidManifest.xml:183:17-67
172                android:resource="@xml/filepaths" />
172-->src/main/AndroidManifest.xml:184:17-50
173        </provider>
174
175        <service
175-->src/main/AndroidManifest.xml:187:9-202:19
176            android:name="org.soulview.cosmic.DelegationService"
176-->src/main/AndroidManifest.xml:188:13-46
177            android:enabled="@bool/enableNotification"
177-->src/main/AndroidManifest.xml:189:13-55
178            android:exported="@bool/enableNotification" >
178-->src/main/AndroidManifest.xml:190:13-56
179            <meta-data
179-->src/main/AndroidManifest.xml:193:17-195:73
180                android:name="android.support.customtabs.trusted.SMALL_ICON"
180-->src/main/AndroidManifest.xml:194:21-81
181                android:resource="@drawable/ic_notification_icon" />
181-->src/main/AndroidManifest.xml:195:21-70
182
183            <intent-filter>
183-->src/main/AndroidManifest.xml:198:13-201:29
184                <action android:name="android.support.customtabs.trusted.TRUSTED_WEB_ACTIVITY_SERVICE" />
184-->src/main/AndroidManifest.xml:199:17-105
184-->src/main/AndroidManifest.xml:199:25-103
185
186                <category android:name="android.intent.category.DEFAULT" />
186-->src/main/AndroidManifest.xml:84:21-80
186-->src/main/AndroidManifest.xml:84:31-77
187            </intent-filter>
188        </service>
189
190        <activity android:name="com.google.androidbrowserhelper.trusted.NotificationPermissionRequestActivity" />
190-->src/main/AndroidManifest.xml:205:13-118
190-->src/main/AndroidManifest.xml:205:23-115
191
192        <provider
192-->[androidx.emoji2:emoji2:1.3.0] AndroidManifest.xml:24:9-32:20
193            android:name="androidx.startup.InitializationProvider"
193-->[androidx.emoji2:emoji2:1.3.0] AndroidManifest.xml:25:13-67
194            android:authorities="org.soulview.cosmic.androidx-startup"
194-->[androidx.emoji2:emoji2:1.3.0] AndroidManifest.xml:26:13-68
195            android:exported="false" >
195-->[androidx.emoji2:emoji2:1.3.0] AndroidManifest.xml:27:13-37
196            <meta-data
196-->[androidx.emoji2:emoji2:1.3.0] AndroidManifest.xml:29:13-31:52
197                android:name="androidx.emoji2.text.EmojiCompatInitializer"
197-->[androidx.emoji2:emoji2:1.3.0] AndroidManifest.xml:30:17-75
198                android:value="androidx.startup" />
198-->[androidx.emoji2:emoji2:1.3.0] AndroidManifest.xml:31:17-49
199            <meta-data
199-->[androidx.lifecycle:lifecycle-process:2.6.2] AndroidManifest.xml:29:13-31:52
200                android:name="androidx.lifecycle.ProcessLifecycleInitializer"
200-->[androidx.lifecycle:lifecycle-process:2.6.2] AndroidManifest.xml:30:17-78
201                android:value="androidx.startup" />
201-->[androidx.lifecycle:lifecycle-process:2.6.2] AndroidManifest.xml:31:17-49
202            <meta-data
202-->[androidx.profileinstaller:profileinstaller:1.3.1] AndroidManifest.xml:29:13-31:52
203                android:name="androidx.profileinstaller.ProfileInstallerInitializer"
203-->[androidx.profileinstaller:profileinstaller:1.3.1] AndroidManifest.xml:30:17-85
204                android:value="androidx.startup" />
204-->[androidx.profileinstaller:profileinstaller:1.3.1] AndroidManifest.xml:31:17-49
205        </provider>
206
207        <receiver
207-->[androidx.profileinstaller:profileinstaller:1.3.1] AndroidManifest.xml:34:9-52:20
208            android:name="androidx.profileinstaller.ProfileInstallReceiver"
208-->[androidx.profileinstaller:profileinstaller:1.3.1] AndroidManifest.xml:35:13-76
209            android:directBootAware="false"
209-->[androidx.profileinstaller:profileinstaller:1.3.1] AndroidManifest.xml:36:13-44
210            android:enabled="true"
210-->[androidx.profileinstaller:profileinstaller:1.3.1] AndroidManifest.xml:37:13-35
211            android:exported="true"
211-->[androidx.profileinstaller:profileinstaller:1.3.1] AndroidManifest.xml:38:13-36
212            android:permission="android.permission.DUMP" >
212-->[androidx.profileinstaller:profileinstaller:1.3.1] AndroidManifest.xml:39:13-57
213            <intent-filter>
213-->[androidx.profileinstaller:profileinstaller:1.3.1] AndroidManifest.xml:40:13-42:29
214                <action android:name="androidx.profileinstaller.action.INSTALL_PROFILE" />
214-->[androidx.profileinstaller:profileinstaller:1.3.1] AndroidManifest.xml:41:17-91
214-->[androidx.profileinstaller:profileinstaller:1.3.1] AndroidManifest.xml:41:25-88
215            </intent-filter>
216            <intent-filter>
216-->[androidx.profileinstaller:profileinstaller:1.3.1] AndroidManifest.xml:43:13-45:29
217                <action android:name="androidx.profileinstaller.action.SKIP_FILE" />
217-->[androidx.profileinstaller:profileinstaller:1.3.1] AndroidManifest.xml:44:17-85
217-->[androidx.profileinstaller:profileinstaller:1.3.1] AndroidManifest.xml:44:25-82
218            </intent-filter>
219            <intent-filter>
219-->[androidx.profileinstaller:profileinstaller:1.3.1] AndroidManifest.xml:46:13-48:29
220                <action android:name="androidx.profileinstaller.action.SAVE_PROFILE" />
220-->[androidx.profileinstaller:profileinstaller:1.3.1] AndroidManifest.xml:47:17-88
220-->[androidx.profileinstaller:profileinstaller:1.3.1] AndroidManifest.xml:47:25-85
221            </intent-filter>
222            <intent-filter>
222-->[androidx.profileinstaller:profileinstaller:1.3.1] AndroidManifest.xml:49:13-51:29
223                <action android:name="androidx.profileinstaller.action.BENCHMARK_OPERATION" />
223-->[androidx.profileinstaller:profileinstaller:1.3.1] AndroidManifest.xml:50:17-95
223-->[androidx.profileinstaller:profileinstaller:1.3.1] AndroidManifest.xml:50:25-92
224            </intent-filter>
225        </receiver>
226    </application>
227
228</manifest>